<?xml version="1.0" encoding="UTF-8"?>
<testng-results skipped="0" failed="0" total="1" passed="1">
  <reporter-output>
    <line>
      <![CDATA[Login Page Displayed<br>]]>
    </line>
    <line>
      <![CDATA[UN and PWD are Displayed<br>]]>
    </line>
    <line>
      <![CDATA[Home page is displayed<br>]]>
    </line>
    <line>
      <![CDATA[Welcome qaplanet1 displayed on the home page<br>]]>
    </line>
    <line>
      <![CDATA[yeahyeah Successfully logged out and Login page Displayed<br>]]>
    </line>
  </reporter-output>
  <suite name="modularframework" duration-ms="14088" started-at="2017-07-24T16:56:55Z" finished-at="2017-07-24T16:57:09Z">
    <groups>
    </groups>
    <test name="logintest" duration-ms="14088" started-at="2017-07-24T16:56:55Z" finished-at="2017-07-24T16:57:09Z">
      <class name="TestScripts.LoginTestCase">
        <test-method status="PASS" signature="VerifyLogin()[pri:0, instance:TestScripts.LoginTestCase@14bef66]" name="VerifyLogin" duration-ms="14068" started-at="2017-07-24T17:56:55Z" finished-at="2017-07-24T17:57:09Z">
          <reporter-output>
            <line>
              <![CDATA[Login Page Displayed<br>]]>
            </line>
            <line>
              <![CDATA[UN and PWD are Displayed<br>]]>
            </line>
            <line>
              <![CDATA[Home page is displayed<br>]]>
            </line>
            <line>
              <![CDATA[Welcome qaplanet1 displayed on the home page<br>]]>
            </line>
            <line>
              <![CDATA[yeahyeah Successfully logged out and Login page Displayed<br>]]>
            </line>
          </reporter-output>
        </test-method> <!-- VerifyLogin -->
      </class> <!-- TestScripts.LoginTestCase -->
    </test> <!-- logintest -->
  </suite> <!-- modularframework -->
</testng-results>
